app/build/outputs/logs/manifest-merger-debug-report.txt
-- Merging decision tree log ---
manifest
ADDED from src/main/AndroidManifest.xml:2:1-45:12
	xmlns:android
		ADDED from src/main/AndroidManifest.xml:2:11-69
	package
		ADDED from src/main/AndroidManifest.xml:3:5-31
		INJECTED from src/main/AndroidManifest.xml
		INJECTED from src/main/AndroidManifest.xml
	android:versionName
		ADDED from src/main/AndroidManifest.xml:5:5-30
	android:versionCode
		ADDED from src/main/AndroidManifest.xml:4:5-28
		INJECTED from src/main/AndroidManifest.xml
		INJECTED from src/main/AndroidManifest.xml
uses-sdk
ADDED from src/main/AndroidManifest.xml:7:5-9:41
MERGED from [com.android.support:support-v4:21.0.3] AndroidManifest.xml:15:5-42
MERGED from [com.github.blackfizz:eazegraph:1.1.14-SNAPSHOT] AndroidManifest.xml:7:5-9:41
MERGED from [com.android.support:appcompat-v7:21.0.3] AndroidManifest.xml:15:5-42
MERGED from [com.android.support:support-v4:21.0.3] AndroidManifest.xml:15:5-42
MERGED from [com.android.support:cardview-v7:21.0.3] AndroidManifest.xml:15:5-42
MERGED from [com.android.support:recyclerview-v7:21.0.3] AndroidManifest.xml:15:5-42
MERGED from [com.android.support:support-v4:21.0.3] AndroidManifest.xml:15:5-42
MERGED from [com.github.castorflex.smoothprogressbar:library:1.0.1-SNAPSHOT] AndroidManifest.xml:8:5-10:41
MERGED from [com.github.castorflex.smoothprogressbar:library-circular:1.0.2] AndroidManifest.xml:8:5-10:41
MERGED from [com.github.amigold.fundapter:library:1.0] AndroidManifest.xml:3:5-72
MERGED from [com.github.gabrielemariotti.cards:cardslib-core:2.0.1] AndroidManifest.xml:24:5-26:41
MERGED from [com.android.support:cardview-v7:21.0.3] AndroidManifest.xml:15:5-42
MERGED from [com.android.support:support-v4:21.0.3] AndroidManifest.xml:15:5-42
MERGED from [com.github.gabrielemariotti.cards:cardslib-cards:2.0.1] AndroidManifest.xml:24:5-26:41
MERGED from [com.github.gabrielemariotti.cards:cardslib-core:2.0.1] AndroidManifest.xml:24:5-26:41
MERGED from [com.android.support:cardview-v7:21.0.3] AndroidManifest.xml:15:5-42
MERGED from [com.android.support:support-v4:21.0.3] AndroidManifest.xml:15:5-42
MERGED from [TextMeBack-master:hellocharts-library:unspecified] AndroidManifest.xml:7:5-9:41
MERGED from [com.android.support:support-v4:21.0.3] AndroidManifest.xml:15:5-42
MERGED from [TextMeBack-master:materialList:unspecified] AndroidManifest.xml:7:5-9:41
MERGED from [com.etsy.android.grid:library:1.0.5] AndroidManifest.xml:4:5-43
MERGED from [com.android.support:support-v4:21.0.3] AndroidManifest.xml:15:5-42
MERGED from [com.android.support:appcompat-v7:21.0.3] AndroidManifest.xml:15:5-42
MERGED from [com.android.support:support-v4:21.0.3] AndroidManifest.xml:15:5-42
MERGED from [com.android.support:cardview-v7:21.0.3] AndroidManifest.xml:15:5-42
MERGED from [com.astuetz:pagerslidingtabstrip:1.0.1] AndroidManifest.xml:2:5-72
MERGED from [com.android.support:support-v4:21.0.3] AndroidManifest.xml:15:5-42
MERGED from [com.pkmmte.view:circularimageview:1.1] AndroidManifest.xml:7:5-9:41
	android:targetSdkVersion
		ADDED from src/main/AndroidManifest.xml:9:9-38
		INJECTED from src/main/AndroidManifest.xml
		INJECTED from src/main/AndroidManifest.xml
	android:minSdkVersion
		ADDED from src/main/AndroidManifest.xml:8:9-35
		INJECTED from src/main/AndroidManifest.xml
		INJECTED from src/main/AndroidManifest.xml
uses-permission#android.permission.READ_SMS
ADDED from src/main/AndroidManifest.xml:11:5-67
	android:name
		ADDED from src/main/AndroidManifest.xml:11:22-64
uses-permission#android.permission.READ_CONTACTS
ADDED from src/main/AndroidManifest.xml:12:5-72
	android:name
		ADDED from src/main/AndroidManifest.xml:12:22-69
uses-feature#android.hardware.telephony
ADDED from src/main/AndroidManifest.xml:14:5-63
	android:name
		ADDED from src/main/AndroidManifest.xml:14:19-60
uses-permission#android.permission.READ_PHONE_STATE
ADDED from src/main/AndroidManifest.xml:17:5-75
	android:name
		ADDED from src/main/AndroidManifest.xml:17:22-72
application
ADDED from src/main/AndroidManifest.xml:20:5-43:19
MERGED from [com.android.support:support-v4:21.0.3] AndroidManifest.xml:16:5-19
MERGED from [com.github.blackfizz:eazegraph:1.1.14-SNAPSHOT] AndroidManifest.xml:11:5-12:19
MERGED from [com.android.support:appcompat-v7:21.0.3] AndroidManifest.xml:16:5-19
MERGED from [com.android.support:support-v4:21.0.3] AndroidManifest.xml:16:5-19
MERGED from [com.android.support:cardview-v7:21.0.3] AndroidManifest.xml:16:5-19
MERGED from [com.android.support:recyclerview-v7:21.0.3] AndroidManifest.xml:17:5-19:19
MERGED from [com.android.support:support-v4:21.0.3] AndroidManifest.xml:16:5-19
MERGED from [com.github.castorflex.smoothprogressbar:library:1.0.1-SNAPSHOT] AndroidManifest.xml:12:5-20
MERGED from [com.github.castorflex.smoothprogressbar:library-circular:1.0.2] AndroidManifest.xml:12:5-20
MERGED from [com.github.amigold.fundapter:library:1.0] AndroidManifest.xml:5:5-7:19
MERGED from [com.github.gabrielemariotti.cards:cardslib-core:2.0.1] AndroidManifest.xml:28:5-29:19
MERGED from [com.android.support:cardview-v7:21.0.3] AndroidManifest.xml:16:5-19
MERGED from [com.android.support:support-v4:21.0.3] AndroidManifest.xml:16:5-19
MERGED from [com.github.gabrielemariotti.cards:cardslib-cards:2.0.1] AndroidManifest.xml:28:5-29:19
MERGED from [com.github.gabrielemariotti.cards:cardslib-core:2.0.1] AndroidManifest.xml:28:5-29:19
MERGED from [com.android.support:cardview-v7:21.0.3] AndroidManifest.xml:16:5-19
MERGED from [com.android.support:support-v4:21.0.3] AndroidManifest.xml:16:5-19
MERGED from [com.android.support:support-v4:21.0.3] AndroidManifest.xml:16:5-19
MERGED from [TextMeBack-master:materialList:unspecified] AndroidManifest.xml:11:5-14:19
MERGED from [com.etsy.android.grid:library:1.0.5] AndroidManifest.xml:6:5-19
MERGED from [com.android.support:support-v4:21.0.3] AndroidManifest.xml:16:5-19
MERGED from [com.android.support:appcompat-v7:21.0.3] AndroidManifest.xml:16:5-19
MERGED from [com.android.support:support-v4:21.0.3] AndroidManifest.xml:16:5-19
MERGED from [com.android.support:cardview-v7:21.0.3] AndroidManifest.xml:16:5-19
MERGED from [com.astuetz:pagerslidingtabstrip:1.0.1] AndroidManifest.xml:4:5-19
MERGED from [com.android.support:support-v4:21.0.3] AndroidManifest.xml:16:5-19
MERGED from [com.pkmmte.view:circularimageview:1.1] AndroidManifest.xml:11:5-20
	android:label
		ADDED from src/main/AndroidManifest.xml:22:9-41
	android:allowBackup
		ADDED from src/main/AndroidManifest.xml:21:9-35
	android:icon
		ADDED from [com.github.amigold.fundapter:library:1.0] AndroidManifest.xml:5:45-81
	android:theme
		ADDED from src/main/AndroidManifest.xml:23:9-45
activity#com.example.tmbb.Activities.DetailViewActivity
ADDED from src/main/AndroidManifest.xml:24:9-28:61
	android:screenOrientation
		ADDED from src/main/AndroidManifest.xml:28:13-49
	android:label
		ADDED from src/main/AndroidManifest.xml:26:13-45
	android:parentActivityName
		ADDED from src/main/AndroidManifest.xml:27:13-58
	android:name
		ADDED from src/main/AndroidManifest.xml:25:13-58
activity#com.example.tmbb.SmsListActivity
ADDED from src/main/AndroidManifest.xml:29:9-32:61
	android:screenOrientation
		ADDED from src/main/AndroidManifest.xml:32:13-49
	android:label
		ADDED from src/main/AndroidManifest.xml:31:13-45
	android:name
		ADDED from src/main/AndroidManifest.xml:30:13-44
activity#com.example.tmbb.Activities.MainActivity
ADDED from src/main/AndroidManifest.xml:33:9-42:20
	android:screenOrientation
		ADDED from src/main/AndroidManifest.xml:36:13-49
	android:label
		ADDED from src/main/AndroidManifest.xml:35:13-45
	android:name
		ADDED from src/main/AndroidManifest.xml:34:13-52
intent-filter#android.intent.action.MAIN+android.intent.category.LAUNCHER
ADDED from src/main/AndroidManifest.xml:37:9-41:29
action#android.intent.action.MAIN
ADDED from src/main/AndroidManifest.xml:38:17-69
	android:name
		ADDED from src/main/AndroidManifest.xml:38:25-66
category#android.intent.category.LAUNCHER
ADDED from src/main/AndroidManifest.xml:40:17-77
	android:name
		ADDED from src/main/AndroidManifest.xml:40:27-74
activity#android.support.v7.widget.TestActivity
ADDED from [com.android.support:recyclerview-v7:21.0.3] AndroidManifest.xml:18:9-115
	android:label
		ADDED from [com.android.support:recyclerview-v7:21.0.3] AndroidManifest.xml:18:19-59
	android:name
		ADDED from [com.android.support:recyclerview-v7:21.0.3] AndroidManifest.xml:18:60-113